#0 building with "default" instance using docker driver

#1 [internal] load build definition from Dockerfile
#1 transferring dockerfile: 3.36kB done
#1 DONE 0.0s

#2 [internal] load metadata for docker.io/i386/debian:bookworm-slim
#2 DONE 3.8s

#3 [internal] load .dockerignore
#3 transferring context: 2B done
#3 DONE 0.0s

#4 [ 1/14] FROM docker.io/i386/debian:bookworm-slim@sha256:cf360783aa5641b4eedb2edd89c3a339480e256132f4bbc4601ddca8a620a428
#4 DONE 0.0s

#5 [internal] load build context
#5 transferring context: 123B done
#5 DONE 0.0s

#6 [ 5/14] RUN apt-get update &&     apt-get install -y --no-install-recommends     xserver-xorg-core xserver-xorg-video-fbdev xinit     xfce4 xfce4-terminal     xserver-xorg-input-mouse xserver-xorg-input-kbd xserver-xorg-input-evdev     libxext6 libxrender1 libxtst6 libxi6 libx11-xcb1 libxrender-dev     libfontconfig1 fonts-dejavu-core adwaita-icon-theme fonts-wqy-microhei fonts-symbola     wget tar unzip ca-certificates xterm     xdg-utils shared-mime-info dbus-x11 desktop-base     thunar-archive-plugin xfce4-taskmanager ristretto     gvfs fonts-liberation xfce4-notifyd gvfs-backends     isc-dhcp-client iproute2 iputils-ping sudo     cmake git tmux mc htop vim nano p7zip-full geany mousepad atril engrampa curl build-essential     firefox-esr libreoffice thunar pavucontrol xfce4-screenshooter thunderbird gimp     && rm -rf /var/lib/apt/lists/*
#6 CACHED

#7 [ 9/14] RUN systemctl disable systemd-timesyncd.service &&     systemctl disable apt-daily.timer &&     systemctl disable apt-daily-upgrade.timer
#7 CACHED

#8 [ 6/14] RUN passwd -d root &&     sed -i 's/nullok_secure/nullok/' /etc/pam.d/common-auth &&     useradd -m -s /bin/bash username &&     passwd -d username &&     usermod -aG sudo,video,tty,input,dialout username &&     echo "username ALL=(ALL) NOPASSWD: ALL" >> /etc/sudoers
#8 CACHED

#9 [ 4/14] RUN echo "en_US.UTF-8 UTF-8" >> /etc/locale.gen &&     locale-gen &&     echo 'LANG="en_US.UTF-8"' > /etc/default/locale &&     chsh -s /bin/bash root
#9 CACHED

#10 [12/14] RUN chown username:username /home/username/.xinitrc /home/username/.bashrc
#10 CACHED

#11 [ 2/14] WORKDIR /root/build
#11 CACHED

#12 [13/14] RUN mkdir -p /etc/X11/xorg.conf.d &&     echo 'Section "Device"\n    Identifier "Card0"\n    Driver "fbdev"\nEndSection' > /etc/X11/xorg.conf.d/10-fbdev.conf
#12 CACHED

#13 [11/14] RUN {     echo 'if [ -z "$DISPLAY" ]; then';     echo '  sudo bash -c "echo 127.0.0.1 localhost > /etc/hosts"';     echo '  sudo bash -c "echo localhost > /etc/hostname"';     echo '  sudo hostname localhost';     echo '  startx -- -ac';     echo 'fi'; } >> /home/username/.bashrc
#13 CACHED

#14 [ 7/14] COPY getty-noclear.conf getty-override.conf /etc/systemd/system/getty@tty1.service.d/
#14 CACHED

#15 [ 8/14] COPY getty-autologin-serial.conf /etc/systemd/system/serial-getty@ttyS0.service.d/
#15 CACHED

#16 [10/14] RUN echo '(sleep 5 && sudo bash -c "printf \"\\n\\nGUI_READY\\n\" > /dev/ttyS0") & \nexec startxfce4' > /home/username/.xinitrc
#16 CACHED

#17 [ 3/14] RUN rm -f /etc/apt/sources.list.d/* &&     echo "deb http://mirrors.ustc.edu.cn/debian/ bookworm main contrib non-free non-free-firmware\n    deb http://mirrors.ustc.edu.cn/debian/ bookworm-updates main contrib non-free non-free-firmware\n    deb http://mirrors.ustc.edu.cn/debian/ bookworm-backports main contrib non-free non-free-firmware\n    deb http://security.debian.org/debian-security bookworm-security main contrib non-free non-free-firmware" > /etc/apt/sources.list &&     apt-get update &&     apt-get install -y --no-install-recommends     linux-image-686     systemd-sysv     locales     libterm-readline-perl-perl     && rm -rf /var/lib/apt/lists/*
#17 CACHED

#18 [14/14] WORKDIR /home/username
#18 CACHED

#19 exporting to image
#19 exporting layers done
#19 writing image sha256:b82e5e464cc70c29208b2b8f0deba2618529d726bf1f23e1bba79f9d80ac4643 done
#19 naming to docker.io/local/debian-xfce-v86 done
#19 DONE 0.0s

View build details: docker-desktop://dashboard/build/default/default/kaci448ji3fefg2jsrs9soc0f
